<?xml version="1.0" encoding="UTF-8"?>
<!-- Generated by org.testng.reporters.JUnitReportReporter -->
<testsuite skipped="0" hostname="ARPGL001495" name="test_package.Home_1" tests="2" failures="0" timestamp="2021-07-05T22:52:29 IST" time="4.869" errors="0">
  <testcase name="basePageNavigation" time="1.725" classname="test_package.Home_1"/>
  <system-out/>
  <testcase name="basePageNavigation" time="3.144" classname="test_package.Home_1"/>
  <system-out/>
</testsuite> <!-- test_package.Home_1 -->
