<?xml version="1.0" encoding="UTF-8"?>
<!-- Generated by org.testng.reporters.JUnitReportReporter -->
<testsuite skipped="0" hostname="ARPGL001495" name="test_package.Home_Page" tests="1" failures="0" timestamp="2021-07-04T18:29:38 IST" time="11.385" errors="0">
  <testcase name="basePageNavigation" time="11.385" classname="test_package.Home_Page"/>
  <system-out/>
</testsuite> <!-- test_package.Home_Page -->
