<?xml version="1.0" encoding="UTF-8"?>
<!-- Generated by org.testng.reporters.JUnitReportReporter -->
<testsuite skipped="0" hostname="ARPGL001495" name="main_package.Base" tests="1" failures="0" timestamp="2021-07-04T17:16:00 IST" time="19.151" errors="0">
  <testcase name="initializeDriver" time="19.151" classname="main_package.Base"/>
  <system-out/>
</testsuite> <!-- main_package.Base -->
